<?xml version="1.0" encoding="UTF-8"?>
<!-- Generated by org.testng.reporters.JUnitReportReporter -->
<testsuite hostname="Zillions-MBP-98.fios-router.home" name="CucumberOptions.TestRunner" tests="2" failures="0" timestamp="14 Mar 2020 02:57:04 GMT" time="7.366" errors="0">
  <testcase name="runScenario" time="4.141" classname="CucumberOptions.TestRunner"/>
  <testcase name="runScenario" time="3.225" classname="CucumberOptions.TestRunner"/>
</testsuite> <!-- CucumberOptions.TestRunner -->
