<?xml version="1.0" encoding="UTF-8"?>
<!-- Generated by org.testng.reporters.JUnitReportReporter -->
<testsuite hostname="ip-192-168-1-157.ec2.internal" name="cucumberOptions.TestRunner" tests="1" failures="0" timestamp="21 Feb 2020 03:34:04 GMT" time="22.435" errors="0">
  <testcase name="feature" time="22.435" classname="cucumberOptions.TestRunner"/>
</testsuite> <!-- cucumberOptions.TestRunner -->
